Compiling the C compiler identification source file "CMakeCCompilerId.c" failed.
Compiler:  
Build flags: 
Id flags: 

The output was:
1
Microsoft (R) Build Engine, version 14.0.24730.2
Copyright (C) Microsoft Corporation. Tous droits r‚serv‚s.

La g‚n‚ration a d‚marr‚ 09/03/2016 09:17:10.
La cible "BeforeGenerateProjectPriFile" r‚pertori‚e dans un attribut BeforeTargets … "C:\Program Files (x86)\MSBuild\Microsoft\NuGet\Microsoft.NuGet.targets (186,61)" n'existe pas dans le projet et sera ignor‚e.
Projet "C:\dev\Jenkins\jobs\pcre.external.msvc14.rel_debug.win32\workspace\tmp\CMakeFiles\3.5.0-rc2\CompilerIdC\CompilerIdC.vcxproj" sur le noud 1 (cibles par d‚faut).
PrepareForBuild:
  Cr‚ation du r‚pertoire "Debug\".
  Cr‚ation du r‚pertoire "Debug\CompilerIdC.tlog\".
InitializeBuildStatus:
  Cr‚ation de "Debug\CompilerIdC.tlog\unsuccessfulbuild", car "AlwaysCreate" a ‚t‚ sp‚cifi‚.
ClCompile:
  C:\dev\compilers\msvc2015\VC\bin\CL.exe /c /nologo /W0 /WX- /Od /Oy- /D _MBCS /Gm- /EHsc /RTC1 /MDd /GS /fp:precise /Zc:wchar_t /Zc:forScope /Zc:inline /Fo"Debug\\" /Fd"Debug\vc140.pdb" /Gd /TC /analyze- /errorReport:queue CMakeCCompilerId.c
  CMakeCCompilerId.c
c1 : fatal error C1083: Cannot open source file: 'CMakeCCompilerId.c': No such file or directory [C:\dev\Jenkins\jobs\pcre.external.msvc14.rel_debug.win32\workspace\tmp\CMakeFiles\3.5.0-rc2\CompilerIdC\CompilerIdC.vcxproj]
G‚n‚ration du projet "C:\dev\Jenkins\jobs\pcre.external.msvc14.rel_debug.win32\workspace\tmp\CMakeFiles\3.5.0-rc2\CompilerIdC\CompilerIdC.vcxproj" termin‚e (cibles par d‚faut) -- CHEC.

CHEC de la build.

"C:\dev\Jenkins\jobs\pcre.external.msvc14.rel_debug.win32\workspace\tmp\CMakeFiles\3.5.0-rc2\CompilerIdC\CompilerIdC.vcxproj" (cible par d‚faut) (1) ->
(ClCompile cible) -> 
  c1 : fatal error C1083: Cannot open source file: 'CMakeCCompilerId.c': No such file or directory [C:\dev\Jenkins\jobs\pcre.external.msvc14.rel_debug.win32\workspace\tmp\CMakeFiles\3.5.0-rc2\CompilerIdC\CompilerIdC.vcxproj]

    0 Avertissement(s)
    1 Erreur(s)

Temps ‚coul‚ 00:00:00.45


Compiling the CXX compiler identification source file "CMakeCXXCompilerId.cpp" failed.
Compiler:  
Build flags: 
Id flags: 

The output was:
1
Microsoft (R) Build Engine, version 14.0.24730.2
Copyright (C) Microsoft Corporation. Tous droits r‚serv‚s.

La g‚n‚ration a d‚marr‚ 09/03/2016 09:17:11.
La cible "BeforeGenerateProjectPriFile" r‚pertori‚e dans un attribut BeforeTargets … "C:\Program Files (x86)\MSBuild\Microsoft\NuGet\Microsoft.NuGet.targets (186,61)" n'existe pas dans le projet et sera ignor‚e.
Projet "C:\dev\Jenkins\jobs\pcre.external.msvc14.rel_debug.win32\workspace\tmp\CMakeFiles\3.5.0-rc2\CompilerIdCXX\CompilerIdCXX.vcxproj" sur le noud 1 (cibles par d‚faut).
PrepareForBuild:
  Cr‚ation du r‚pertoire "Debug\".
  Cr‚ation du r‚pertoire "Debug\CompilerIdCXX.tlog\".
InitializeBuildStatus:
  Cr‚ation de "Debug\CompilerIdCXX.tlog\unsuccessfulbuild", car "AlwaysCreate" a ‚t‚ sp‚cifi‚.
ClCompile:
  C:\dev\compilers\msvc2015\VC\bin\CL.exe /c /nologo /W0 /WX- /Od /Oy- /D _MBCS /Gm- /EHsc /RTC1 /MDd /GS /fp:precise /Zc:wchar_t /Zc:forScope /Zc:inline /Fo"Debug\\" /Fd"Debug\vc140.pdb" /Gd /TP /analyze- /errorReport:queue CMakeCXXCompilerId.cpp
  CMakeCXXCompilerId.cpp
c1xx : fatal error C1083: Cannot open source file: 'CMakeCXXCompilerId.cpp': No such file or directory [C:\dev\Jenkins\jobs\pcre.external.msvc14.rel_debug.win32\workspace\tmp\CMakeFiles\3.5.0-rc2\CompilerIdCXX\CompilerIdCXX.vcxproj]
G‚n‚ration du projet "C:\dev\Jenkins\jobs\pcre.external.msvc14.rel_debug.win32\workspace\tmp\CMakeFiles\3.5.0-rc2\CompilerIdCXX\CompilerIdCXX.vcxproj" termin‚e (cibles par d‚faut) -- CHEC.

CHEC de la build.

"C:\dev\Jenkins\jobs\pcre.external.msvc14.rel_debug.win32\workspace\tmp\CMakeFiles\3.5.0-rc2\CompilerIdCXX\CompilerIdCXX.vcxproj" (cible par d‚faut) (1) ->
(ClCompile cible) -> 
  c1xx : fatal error C1083: Cannot open source file: 'CMakeCXXCompilerId.cpp': No such file or directory [C:\dev\Jenkins\jobs\pcre.external.msvc14.rel_debug.win32\workspace\tmp\CMakeFiles\3.5.0-rc2\CompilerIdCXX\CompilerIdCXX.vcxproj]

    0 Avertissement(s)
    1 Erreur(s)

Temps ‚coul‚ 00:00:00.37


Compiling the C compiler identification source file "CMakeCCompilerId.c" failed.
Compiler:  
Build flags: 
Id flags: 

The output was:
1
Microsoft (R) Build Engine, version 14.0.24730.2
Copyright (C) Microsoft Corporation. Tous droits r‚serv‚s.

La g‚n‚ration a d‚marr‚ 09/03/2016 09:17:14.
La cible "BeforeGenerateProjectPriFile" r‚pertori‚e dans un attribut BeforeTargets … "C:\Program Files (x86)\MSBuild\Microsoft\NuGet\Microsoft.NuGet.targets (186,61)" n'existe pas dans le projet et sera ignor‚e.
Projet "C:\dev\Jenkins\jobs\pcre.external.msvc14.rel_debug.win32\workspace\tmp\CMakeFiles\3.5.0-rc2\CompilerIdC\CompilerIdC.vcxproj" sur le noud 1 (cibles par d‚faut).
InitializeBuildStatus:
  Mise … jour de l'horodatage "Debug\CompilerIdC.tlog\unsuccessfulbuild".
ClCompile:
  C:\dev\compilers\msvc2015\VC\bin\CL.exe /c /nologo /W0 /WX- /Od /Oy- /D _MBCS /Gm- /EHsc /RTC1 /MDd /GS /fp:precise /Zc:wchar_t /Zc:forScope /Zc:inline /Fo"Debug\\" /Fd"Debug\vc140.pdb" /Gd /TC /analyze- /errorReport:queue CMakeCCompilerId.c
  CMakeCCompilerId.c
c1 : fatal error C1083: Cannot open source file: 'CMakeCCompilerId.c': No such file or directory [C:\dev\Jenkins\jobs\pcre.external.msvc14.rel_debug.win32\workspace\tmp\CMakeFiles\3.5.0-rc2\CompilerIdC\CompilerIdC.vcxproj]
G‚n‚ration du projet "C:\dev\Jenkins\jobs\pcre.external.msvc14.rel_debug.win32\workspace\tmp\CMakeFiles\3.5.0-rc2\CompilerIdC\CompilerIdC.vcxproj" termin‚e (cibles par d‚faut) -- CHEC.

CHEC de la build.

"C:\dev\Jenkins\jobs\pcre.external.msvc14.rel_debug.win32\workspace\tmp\CMakeFiles\3.5.0-rc2\CompilerIdC\CompilerIdC.vcxproj" (cible par d‚faut) (1) ->
(ClCompile cible) -> 
  c1 : fatal error C1083: Cannot open source file: 'CMakeCCompilerId.c': No such file or directory [C:\dev\Jenkins\jobs\pcre.external.msvc14.rel_debug.win32\workspace\tmp\CMakeFiles\3.5.0-rc2\CompilerIdC\CompilerIdC.vcxproj]

    0 Avertissement(s)
    1 Erreur(s)

Temps ‚coul‚ 00:00:00.39


Compiling the CXX compiler identification source file "CMakeCXXCompilerId.cpp" failed.
Compiler:  
Build flags: 
Id flags: 

The output was:
1
Microsoft (R) Build Engine, version 14.0.24730.2
Copyright (C) Microsoft Corporation. Tous droits r‚serv‚s.

La g‚n‚ration a d‚marr‚ 09/03/2016 09:17:14.
La cible "BeforeGenerateProjectPriFile" r‚pertori‚e dans un attribut BeforeTargets … "C:\Program Files (x86)\MSBuild\Microsoft\NuGet\Microsoft.NuGet.targets (186,61)" n'existe pas dans le projet et sera ignor‚e.
Projet "C:\dev\Jenkins\jobs\pcre.external.msvc14.rel_debug.win32\workspace\tmp\CMakeFiles\3.5.0-rc2\CompilerIdCXX\CompilerIdCXX.vcxproj" sur le noud 1 (cibles par d‚faut).
InitializeBuildStatus:
  Mise … jour de l'horodatage "Debug\CompilerIdCXX.tlog\unsuccessfulbuild".
ClCompile:
  C:\dev\compilers\msvc2015\VC\bin\CL.exe /c /nologo /W0 /WX- /Od /Oy- /D _MBCS /Gm- /EHsc /RTC1 /MDd /GS /fp:precise /Zc:wchar_t /Zc:forScope /Zc:inline /Fo"Debug\\" /Fd"Debug\vc140.pdb" /Gd /TP /analyze- /errorReport:queue CMakeCXXCompilerId.cpp
  CMakeCXXCompilerId.cpp
c1xx : fatal error C1083: Cannot open source file: 'CMakeCXXCompilerId.cpp': No such file or directory [C:\dev\Jenkins\jobs\pcre.external.msvc14.rel_debug.win32\workspace\tmp\CMakeFiles\3.5.0-rc2\CompilerIdCXX\CompilerIdCXX.vcxproj]
G‚n‚ration du projet "C:\dev\Jenkins\jobs\pcre.external.msvc14.rel_debug.win32\workspace\tmp\CMakeFiles\3.5.0-rc2\CompilerIdCXX\CompilerIdCXX.vcxproj" termin‚e (cibles par d‚faut) -- CHEC.

CHEC de la build.

"C:\dev\Jenkins\jobs\pcre.external.msvc14.rel_debug.win32\workspace\tmp\CMakeFiles\3.5.0-rc2\CompilerIdCXX\CompilerIdCXX.vcxproj" (cible par d‚faut) (1) ->
(ClCompile cible) -> 
  c1xx : fatal error C1083: Cannot open source file: 'CMakeCXXCompilerId.cpp': No such file or directory [C:\dev\Jenkins\jobs\pcre.external.msvc14.rel_debug.win32\workspace\tmp\CMakeFiles\3.5.0-rc2\CompilerIdCXX\CompilerIdCXX.vcxproj]

    0 Avertissement(s)
    1 Erreur(s)

Temps ‚coul‚ 00:00:00.38


